\BOOKMARK [0][-]{chapter.1}{Scelte progettuali}{}% 1
\BOOKMARK [1][-]{section.1.1}{Componenti}{chapter.1}% 2
\BOOKMARK [2][-]{subsection.1.1.1}{Lato server}{section.1.1}% 3
\BOOKMARK [2][-]{subsection.1.1.2}{Lato client}{section.1.1}% 4
\BOOKMARK [1][-]{section.1.2}{Persistenza}{chapter.1}% 5
\BOOKMARK [2][-]{subsection.1.2.1}{Struttura database}{section.1.2}% 6
\BOOKMARK [1][-]{section.1.3}{Sicurezza}{chapter.1}% 7
\BOOKMARK [1][-]{section.1.4}{Chat}{chapter.1}% 8
\BOOKMARK [2][-]{subsection.1.4.1}{Comunicazione ip delle chat}{section.1.4}% 9
\BOOKMARK [2][-]{subsection.1.4.2}{Lato client}{section.1.4}% 10
\BOOKMARK [2][-]{subsection.1.4.3}{Lato server}{section.1.4}% 11
\BOOKMARK [1][-]{section.1.5}{Server timeout}{chapter.1}% 12
\BOOKMARK [1][-]{section.1.6}{Schema dell'architettura}{chapter.1}% 13
\BOOKMARK [0][-]{chapter.2}{Scelte implementative}{}% 14
\BOOKMARK [1][-]{section.2.1}{Strutture dati}{chapter.2}% 15
\BOOKMARK [2][-]{subsection.2.1.1}{Lato server}{section.2.1}% 16
\BOOKMARK [2][-]{subsection.2.1.2}{Lato client}{section.2.1}% 17
\BOOKMARK [1][-]{section.2.2}{Porte utilizzate}{chapter.2}% 18
\BOOKMARK [1][-]{section.2.3}{Modalit\340 di gestione dei client}{chapter.2}% 19
\BOOKMARK [1][-]{section.2.4}{Gestione dei thread}{chapter.2}% 20
\BOOKMARK [1][-]{section.2.5}{Thread safeness}{chapter.2}% 21
\BOOKMARK [2][-]{subsection.2.5.1}{Lato server}{section.2.5}% 22
\BOOKMARK [2][-]{subsection.2.5.2}{Lato client}{section.2.5}% 23
\BOOKMARK [1][-]{section.2.6}{Generazione degli ip di multicast per le chat}{chapter.2}% 24
\BOOKMARK [1][-]{section.2.7}{Metodi della specifica}{chapter.2}% 25
\BOOKMARK [2][-]{subsection.2.7.1}{Modifiche}{section.2.7}% 26
\BOOKMARK [0][-]{chapter.3}{Formato dei messaggi}{}% 27
\BOOKMARK [1][-]{section.3.1}{Messaggi di richiesta}{chapter.3}% 28
\BOOKMARK [1][-]{section.3.2}{Messaggi di risposta}{chapter.3}% 29
\BOOKMARK [0][-]{chapter.4}{Compilazione e Avvio}{}% 30
\BOOKMARK [1][-]{section.4.1}{Dipendenze}{chapter.4}% 31
\BOOKMARK [2][-]{subsection.4.1.1}{Debian based}{section.4.1}% 32
\BOOKMARK [1][-]{section.4.2}{Run}{chapter.4}% 33
